/local1/borito1907/anaconda3/envs/watermark/lib/python3.12/site-packages/transformers/utils/hub.py:122: FutureWarning: Using `TRANSFORMERS_CACHE` is deprecated and will be removed in v5 of Transformers. Use `HF_HOME` instead.
  warnings.warn(
Traceback (most recent call last):
  File "/local1/borito1907/impossibility-watermark/watermarked_text_generator.py", line 3, in <module>
    from utils import get_watermarker, save_to_csv, get_prompt_or_output, count_csv_entries
  File "/local1/borito1907/impossibility-watermark/utils.py", line 191, in <module>
    from umd import UMDWatermarker
  File "/local1/borito1907/impossibility-watermark/umd.py", line 2, in <module>
    from watermarker import Watermarker
  File "/local1/borito1907/impossibility-watermark/watermarker.py", line 5, in <module>
    from model_builders.pipeline import PipeLineBuilder
  File "/local1/borito1907/impossibility-watermark/model_builders/__init__.py", line 1, in <module>
    from .pipeline import PipeLineBuilder
  File "/local1/borito1907/impossibility-watermark/model_builders/pipeline.py", line 3, in <module>
    from transformers import BitsAndBytesConfig, AutoModelForCausalLM, AutoTokenizer, pipeline, T5ForConditionalGeneration, AutoModel
  File "<frozen importlib._bootstrap>", line 1412, in _handle_fromlist
  File "/local1/borito1907/anaconda3/envs/watermark/lib/python3.12/site-packages/transformers/utils/import_utils.py", line 1354, in __getattr__
    module = self._get_module(self._class_to_module[name])
             ^^^^^^^^^^^^^^^^^^^^^^^^^^^^^^^^^^^^^^^^^^^^^
  File "/local1/borito1907/anaconda3/envs/watermark/lib/python3.12/site-packages/transformers/utils/import_utils.py", line 1364, in _get_module
    return importlib.import_module("." + module_name, self.__name__)
           ^^^^^^^^^^^^^^^^^^^^^^^^^^^^^^^^^^^^^^^^^^^^^^^^^^^^^^^^^
  File "/local1/borito1907/anaconda3/envs/watermark/lib/python3.12/importlib/__init__.py", line 90, in import_module
    return _bootstrap._gcd_import(name[level:], package, level)
           ^^^^^^^^^^^^^^^^^^^^^^^^^^^^^^^^^^^^^^^^^^^^^^^^^^^^
  File "/local1/borito1907/anaconda3/envs/watermark/lib/python3.12/site-packages/transformers/pipelines/__init__.py", line 49, in <module>
    from .audio_classification import AudioClassificationPipeline
  File "/local1/borito1907/anaconda3/envs/watermark/lib/python3.12/site-packages/transformers/pipelines/audio_classification.py", line 21, in <module>
    from .base import PIPELINE_INIT_ARGS, Pipeline
  File "/local1/borito1907/anaconda3/envs/watermark/lib/python3.12/site-packages/transformers/pipelines/base.py", line 34, in <module>
    from ..modelcard import ModelCard
  File "/local1/borito1907/anaconda3/envs/watermark/lib/python3.12/site-packages/transformers/modelcard.py", line 48, in <module>
    from .training_args import ParallelMode
  File "/local1/borito1907/anaconda3/envs/watermark/lib/python3.12/site-packages/transformers/training_args.py", line 70, in <module>
    from accelerate.state import AcceleratorState, PartialState
  File "/local1/borito1907/anaconda3/envs/watermark/lib/python3.12/site-packages/accelerate/__init__.py", line 16, in <module>
    from .accelerator import Accelerator
  File "/local1/borito1907/anaconda3/envs/watermark/lib/python3.12/site-packages/accelerate/accelerator.py", line 35, in <module>
    from .checkpointing import load_accelerator_state, load_custom_state, save_accelerator_state, save_custom_state
  File "/local1/borito1907/anaconda3/envs/watermark/lib/python3.12/site-packages/accelerate/checkpointing.py", line 24, in <module>
    from .utils import (
  File "/local1/borito1907/anaconda3/envs/watermark/lib/python3.12/site-packages/accelerate/utils/__init__.py", line 172, in <module>
    from .fsdp_utils import load_fsdp_model, load_fsdp_optimizer, save_fsdp_model, save_fsdp_optimizer
  File "/local1/borito1907/anaconda3/envs/watermark/lib/python3.12/site-packages/accelerate/utils/fsdp_utils.py", line 26, in <module>
    import torch.distributed.checkpoint as dist_cp
  File "/local1/borito1907/anaconda3/envs/watermark/lib/python3.12/site-packages/torch/distributed/checkpoint/__init__.py", line 7, in <module>
    from .state_dict_loader import load_state_dict, load
  File "/local1/borito1907/anaconda3/envs/watermark/lib/python3.12/site-packages/torch/distributed/checkpoint/state_dict_loader.py", line 12, in <module>
    from .default_planner import DefaultLoadPlanner
  File "/local1/borito1907/anaconda3/envs/watermark/lib/python3.12/site-packages/torch/distributed/checkpoint/default_planner.py", line 14, in <module>
    from torch.distributed._tensor import DTensor
  File "/local1/borito1907/anaconda3/envs/watermark/lib/python3.12/site-packages/torch/distributed/_tensor/__init__.py", line 6, in <module>
    import torch.distributed._tensor.ops
  File "/local1/borito1907/anaconda3/envs/watermark/lib/python3.12/site-packages/torch/distributed/_tensor/ops/__init__.py", line 2, in <module>
    from .embedding_ops import *  # noqa: F403
    ^^^^^^^^^^^^^^^^^^^^^^^^^^^^
  File "/local1/borito1907/anaconda3/envs/watermark/lib/python3.12/site-packages/torch/distributed/_tensor/ops/embedding_ops.py", line 5, in <module>
    from torch.distributed._tensor.op_schema import OpSchema, OutputSharding
  File "/local1/borito1907/anaconda3/envs/watermark/lib/python3.12/site-packages/torch/distributed/_tensor/op_schema.py", line 6, in <module>
    from torch.distributed._tensor.placement_types import DTensorSpec
  File "/local1/borito1907/anaconda3/envs/watermark/lib/python3.12/site-packages/torch/distributed/_tensor/placement_types.py", line 7, in <module>
    import torch.distributed._functional_collectives as funcol
  File "/local1/borito1907/anaconda3/envs/watermark/lib/python3.12/site-packages/torch/distributed/_functional_collectives.py", line 26, in <module>
    from torch._dynamo.external_utils import is_compiling as is_torchdynamo_compiling
  File "/local1/borito1907/anaconda3/envs/watermark/lib/python3.12/site-packages/torch/_dynamo/__init__.py", line 2, in <module>
    from . import allowed_functions, convert_frame, eval_frame, resume_execution
  File "/local1/borito1907/anaconda3/envs/watermark/lib/python3.12/site-packages/torch/_dynamo/allowed_functions.py", line 30, in <module>
    from .utils import hashable, is_safe_constant, NP_SUPPORTED_MODULES
  File "/local1/borito1907/anaconda3/envs/watermark/lib/python3.12/site-packages/torch/_dynamo/utils.py", line 89, in <module>
    import torch.fx.experimental.symbolic_shapes
  File "/local1/borito1907/anaconda3/envs/watermark/lib/python3.12/site-packages/torch/fx/experimental/symbolic_shapes.py", line 38, in <module>
    from torch.utils._sympy.functions import FloorDiv, Mod, IsNonOverlappingAndDenseIndicator
  File "/local1/borito1907/anaconda3/envs/watermark/lib/python3.12/site-packages/torch/utils/_sympy/functions.py", line 1, in <module>
    import sympy
  File "/local1/borito1907/anaconda3/envs/watermark/lib/python3.12/site-packages/sympy/__init__.py", line 30, in <module>
    from sympy.core.cache import lazy_function
  File "/local1/borito1907/anaconda3/envs/watermark/lib/python3.12/site-packages/sympy/core/__init__.py", line 9, in <module>
    from .expr import Expr, AtomicExpr, UnevaluatedExpr
  File "/local1/borito1907/anaconda3/envs/watermark/lib/python3.12/site-packages/sympy/core/expr.py", line 43, in <module>
    class Expr(Basic, EvalfMixin):
  File "/local1/borito1907/anaconda3/envs/watermark/lib/python3.12/site-packages/sympy/core/expr.py", line 113, in Expr
    @cacheit
     ^^^^^^^
  File "/local1/borito1907/anaconda3/envs/watermark/lib/python3.12/site-packages/sympy/core/cache.py", line 66, in func_wrapper
    def func_wrapper(func):

KeyboardInterrupt
