/local1/borito1907/anaconda3/envs/watermark_2/lib/python3.10/site-packages/transformers/utils/hub.py:124: FutureWarning: Using `TRANSFORMERS_CACHE` is deprecated and will be removed in v5 of Transformers. Use `HF_HOME` instead.
  warnings.warn(
Traceback (most recent call last):
  File "/local1/borito1907/impossibility-watermark/watermarked_text_generator.py", line 3, in <module>
    from utils import get_watermarker, save_to_csv, get_prompt_or_output, count_csv_entries
  File "/local1/borito1907/impossibility-watermark/utils.py", line 203, in <module>
    from semstamp import SemStampWatermarker
  File "/local1/borito1907/impossibility-watermark/semstamp.py", line 11, in <module>
    from SemStamp.detection_utils import detect_lsh
  File "/local1/borito1907/impossibility-watermark/SemStamp/detection_utils.py", line 8, in <module>
    import matplotlib.pyplot as plt
  File "/local1/borito1907/anaconda3/envs/watermark_2/lib/python3.10/site-packages/matplotlib/pyplot.py", line 66, in <module>
    from matplotlib.figure import Figure, FigureBase, figaspect
  File "/local1/borito1907/anaconda3/envs/watermark_2/lib/python3.10/site-packages/matplotlib/figure.py", line 43, in <module>
    from matplotlib import _blocking_input, backend_bases, _docstring, projections
  File "/local1/borito1907/anaconda3/envs/watermark_2/lib/python3.10/site-packages/matplotlib/projections/__init__.py", line 56, in <module>
    from .geo import AitoffAxes, HammerAxes, LambertAxes, MollweideAxes
  File "/local1/borito1907/anaconda3/envs/watermark_2/lib/python3.10/site-packages/matplotlib/projections/geo.py", line 341, in <module>
    class MollweideAxes(GeoAxes):
  File "/local1/borito1907/anaconda3/envs/watermark_2/lib/python3.10/site-packages/matplotlib/axes/_base.py", line 741, in __init_subclass__
    super().__init_subclass__(**kwargs)
  File "/local1/borito1907/anaconda3/envs/watermark_2/lib/python3.10/site-packages/matplotlib/artist.py", line 150, in __init_subclass__
    cls._update_set_signature_and_docstring()
  File "/local1/borito1907/anaconda3/envs/watermark_2/lib/python3.10/site-packages/matplotlib/artist.py", line 178, in _update_set_signature_and_docstring
    + kwdoc(cls))
  File "/local1/borito1907/anaconda3/envs/watermark_2/lib/python3.10/site-packages/matplotlib/artist.py", line 1856, in kwdoc
    'Properties:\n' + '\n'.join(ai.pprint_setters(leadingspace=4)))
  File "/local1/borito1907/anaconda3/envs/watermark_2/lib/python3.10/site-packages/matplotlib/artist.py", line 1617, in pprint_setters
    accepts = self.get_valid_values(prop)
  File "/local1/borito1907/anaconda3/envs/watermark_2/lib/python3.10/site-packages/matplotlib/artist.py", line 1500, in get_valid_values
    match = re.search(fr"(?m)^ *\*?{param_name} : (.+)", docstring)
  File "/local1/borito1907/anaconda3/envs/watermark_2/lib/python3.10/re.py", line 200, in search
    return _compile(pattern, flags).search(string)
KeyboardInterrupt
