/local1/borito1907/anaconda3/envs/watermark/lib/python3.10/site-packages/transformers/utils/hub.py:125: FutureWarning: Using `TRANSFORMERS_CACHE` is deprecated and will be removed in v5 of Transformers. Use `HF_HOME` instead.
  warnings.warn(
Traceback (most recent call last):
  File "/local1/borito1907/impossibility-watermark/watermarked_text_generator.py", line 3, in <module>
    from watermarker_factory import get_watermarker
  File "/local1/borito1907/impossibility-watermark/watermarker_factory.py", line 3, in <module>
    from watermarkers import UMDWatermarker, UnigramWatermarker, EXPWatermarker, SemStampWatermarker
  File "/local1/borito1907/impossibility-watermark/watermarkers/__init__.py", line 4, in <module>
    from .semstamp import SemStampWatermarker
  File "/local1/borito1907/impossibility-watermark/watermarkers/semstamp.py", line 15, in <module>
    from watermarkers.SemStamp.detection_utils import detect_lsh
  File "/local1/borito1907/impossibility-watermark/watermarkers/SemStamp/detection_utils.py", line 8, in <module>
    import matplotlib.pyplot as plt
  File "/local1/borito1907/anaconda3/envs/watermark/lib/python3.10/site-packages/matplotlib/pyplot.py", line 56, in <module>
    import matplotlib.colorbar
  File "/local1/borito1907/anaconda3/envs/watermark/lib/python3.10/site-packages/matplotlib/colorbar.py", line 19, in <module>
    from matplotlib import _api, cbook, collections, cm, colors, contour, ticker
  File "/local1/borito1907/anaconda3/envs/watermark/lib/python3.10/site-packages/matplotlib/contour.py", line 15, in <module>
    from matplotlib.backend_bases import MouseButton
  File "/local1/borito1907/anaconda3/envs/watermark/lib/python3.10/site-packages/matplotlib/backend_bases.py", line 46, in <module>
    from matplotlib import (
  File "/local1/borito1907/anaconda3/envs/watermark/lib/python3.10/site-packages/matplotlib/text.py", line 17, in <module>
    from .patches import FancyArrowPatch, FancyBboxPatch, Rectangle
  File "/local1/borito1907/anaconda3/envs/watermark/lib/python3.10/site-packages/matplotlib/patches.py", line 3087, in <module>
    class ArrowStyle(_Style):
  File "/local1/borito1907/anaconda3/envs/watermark/lib/python3.10/site-packages/matplotlib/patches.py", line 2224, in __init_subclass__
    cls.pprint_styles()
  File "/local1/borito1907/anaconda3/envs/watermark/lib/python3.10/site-packages/matplotlib/patches.py", line 2257, in pprint_styles
    *[(cls.__name__,
  File "/local1/borito1907/anaconda3/envs/watermark/lib/python3.10/site-packages/matplotlib/patches.py", line 2261, in <listcomp>
    str(inspect.signature(cls))[1:-1] or 'None')
  File "/local1/borito1907/anaconda3/envs/watermark/lib/python3.10/inspect.py", line 3211, in __str__
    formatted = str(param)
KeyboardInterrupt
