/local1/borito1907/anaconda3/envs/watermark/lib/python3.12/site-packages/transformers/utils/hub.py:122: FutureWarning: Using `TRANSFORMERS_CACHE` is deprecated and will be removed in v5 of Transformers. Use `HF_HOME` instead.
  warnings.warn(
In file included from /local1/borito1907/anaconda3/envs/watermark/lib/python3.12/site-packages/numpy/core/include/numpy/ndarraytypes.h:1929,
                 from /local1/borito1907/anaconda3/envs/watermark/lib/python3.12/site-packages/numpy/core/include/numpy/ndarrayobject.h:12,
                 from /local1/borito1907/anaconda3/envs/watermark/lib/python3.12/site-packages/numpy/core/include/numpy/arrayobject.h:5,
                 from /home/borito1907/.pyxbld/temp.linux-x86_64-cpython-312/local1/borito1907/impossibility-watermark/levenshtein.c:1240:
/local1/borito1907/anaconda3/envs/watermark/lib/python3.12/site-packages/numpy/core/include/numpy/npy_1_7_deprecated_api.h:17:2: warning: #warning "Using deprecated NumPy API, disable it with " "#define NPY_NO_DEPRECATED_API NPY_1_7_API_VERSION" [-Wcpp]
   17 | #warning "Using deprecated NumPy API, disable it with " \
      |  ^~~~~~~
[2024-05-14 21:57:31,236][root][INFO] - Device: auto
[2024-05-14 21:57:31,236][model_builders.pipeline][INFO] - Initializing TheBloke/Mixtral-8x7B-Instruct-v0.1-GPTQ
/local1/borito1907/anaconda3/envs/watermark/lib/python3.12/site-packages/huggingface_hub/file_download.py:1132: FutureWarning: `resume_download` is deprecated and will be removed in version 1.0.0. Downloads always resume when possible. If you want to force a new download, use `force_download=True`.
  warnings.warn(
/local1/borito1907/anaconda3/envs/watermark/lib/python3.12/site-packages/huggingface_hub/file_download.py:1132: FutureWarning: `resume_download` is deprecated and will be removed in version 1.0.0. Downloads always resume when possible. If you want to force a new download, use `force_download=True`.
  warnings.warn(
[nltk_data] Downloading package punkt to /home/borito1907/nltk_data...
[nltk_data]   Unzipping tokenizers/punkt.zip.
Error executing job with overrides: []
Traceback (most recent call last):
  File "/local1/borito1907/impossibility-watermark/attack.py", line 209, in main
    attacked_text = attacker.attack(cfg, prompt, watermarked_text)
                    ^^^^^^^^^^^^^^^^^^^^^^^^^^^^^^^^^^^^^^^^^^^^^^
  File "/local1/borito1907/impossibility-watermark/attack.py", line 59, in attack
    save_path = os.path.join(self.cfg.attack_args.results_dir, save_name)
                ^^^^^^^^^^^^^^^^^^^^^^^^^^^^^^^^^^^^^^^^^^^^^^^^^^^^^^^^^
  File "<frozen posixpath>", line 76, in join
TypeError: expected str, bytes or os.PathLike object, not NoneType

Set the environment variable HYDRA_FULL_ERROR=1 for a complete stack trace.
