2024-05-23 23:19:45,281:INFO:Running command: python watermarked_text_generator.py ++attack_args.prompt_file='./inputs/mini_c4.csv' ++attack_args.prompt_num=1 ++watermark_args.save_file_name='c4_1.csv' ++attack_args.is_completion=True 
2024-05-23 23:19:45,281:INFO:Saving results to ./logs/c4/minic4_1_first.log
2024-05-23 23:24:22,458:INFO:Command executed successfully
2024-05-23 23:24:22,458:INFO:Running command: python watermarked_text_generator.py ++attack_args.prompt_file='./inputs/mini_c4.csv' ++attack_args.prompt_num=2 ++watermark_args.save_file_name='c4_2.csv' ++attack_args.is_completion=True 
2024-05-23 23:24:22,458:INFO:Saving results to ./logs/c4/minic4_2_first.log
2024-05-23 23:32:14,511:INFO:Command executed successfully
2024-05-23 23:32:14,511:INFO:Running command: python watermarked_text_generator.py ++attack_args.prompt_file='./inputs/mini_c4.csv' ++attack_args.prompt_num=3 ++watermark_args.save_file_name='c4_3.csv' ++attack_args.is_completion=True 
2024-05-23 23:32:14,512:INFO:Saving results to ./logs/c4/minic4_3_first.log
2024-05-23 23:38:46,765:INFO:Command executed successfully
2024-05-23 23:38:46,765:INFO:Running command: python watermarked_text_generator.py ++attack_args.prompt_file='./inputs/mini_c4.csv' ++attack_args.prompt_num=4 ++watermark_args.save_file_name='c4_4.csv' ++attack_args.is_completion=True 
2024-05-23 23:38:46,765:INFO:Saving results to ./logs/c4/minic4_4_first.log
2024-05-23 23:59:52,517:INFO:Command executed successfully
2024-05-23 23:59:52,517:INFO:Running command: python watermarked_text_generator.py ++attack_args.prompt_file='./inputs/mini_c4.csv' ++attack_args.prompt_num=5 ++watermark_args.save_file_name='c4_5.csv' ++attack_args.is_completion=True 
2024-05-23 23:59:52,517:INFO:Saving results to ./logs/c4/minic4_5_first.log
2024-05-24 00:03:36,553:INFO:Command executed successfully
2024-05-24 00:03:36,555:INFO:Running command: python watermarked_text_generator.py ++attack_args.prompt_file='./inputs/mini_c4.csv' ++attack_args.prompt_num=6 ++watermark_args.save_file_name='c4_6.csv' ++attack_args.is_completion=True 
2024-05-24 00:03:36,555:INFO:Saving results to ./logs/c4/minic4_6_first.log
2024-05-24 00:09:44,756:INFO:Command executed successfully
2024-05-24 00:09:44,756:INFO:Running command: python watermarked_text_generator.py ++attack_args.prompt_file='./inputs/mini_c4.csv' ++attack_args.prompt_num=7 ++watermark_args.save_file_name='c4_7.csv' ++attack_args.is_completion=True 
2024-05-24 00:09:44,756:INFO:Saving results to ./logs/c4/minic4_7_first.log
2024-05-24 00:47:07,113:INFO:Command executed successfully
2024-05-24 00:47:07,113:INFO:Running command: python watermarked_text_generator.py ++attack_args.prompt_file='./inputs/mini_c4.csv' ++attack_args.prompt_num=8 ++watermark_args.save_file_name='c4_8.csv' ++attack_args.is_completion=True 
2024-05-24 00:47:07,113:INFO:Saving results to ./logs/c4/minic4_8_first.log
2024-05-24 00:53:24,520:INFO:Command executed successfully
2024-05-24 00:53:24,520:INFO:Running command: python watermarked_text_generator.py ++attack_args.prompt_file='./inputs/mini_c4.csv' ++attack_args.prompt_num=9 ++watermark_args.save_file_name='c4_9.csv' ++attack_args.is_completion=True 
2024-05-24 00:53:24,520:INFO:Saving results to ./logs/c4/minic4_9_first.log
2024-05-24 01:11:31,619:INFO:Command executed successfully
2024-05-24 01:11:31,619:INFO:Running command: python watermarked_text_generator.py ++attack_args.prompt_file='./inputs/mini_c4.csv' ++attack_args.prompt_num=10 ++watermark_args.save_file_name='c4_10.csv' ++attack_args.is_completion=True 
2024-05-24 01:11:31,619:INFO:Saving results to ./logs/c4/minic4_10_first.log
2024-05-24 01:13:06,204:INFO:Command executed successfully
2024-05-24 01:13:06,204:INFO:[('Success', None), ('Success', None), ('Success', None), ('Success', None), ('Success', None), ('Success', None), ('Success', None), ('Success', None), ('Success', None), ('Success', None)]
Command succeeded: python watermarked_text_generator.py ++attack_args.prompt_file='./inputs/mini_c4.csv' ++attack_args.prompt_num=1 ++watermark_args.save_file_name='c4_1.csv' ++attack_args.is_completion=True 
Output:
Success
Command succeeded: python watermarked_text_generator.py ++attack_args.prompt_file='./inputs/mini_c4.csv' ++attack_args.prompt_num=2 ++watermark_args.save_file_name='c4_2.csv' ++attack_args.is_completion=True 
Output:
Success
Command succeeded: python watermarked_text_generator.py ++attack_args.prompt_file='./inputs/mini_c4.csv' ++attack_args.prompt_num=3 ++watermark_args.save_file_name='c4_3.csv' ++attack_args.is_completion=True 
Output:
Success
Command succeeded: python watermarked_text_generator.py ++attack_args.prompt_file='./inputs/mini_c4.csv' ++attack_args.prompt_num=4 ++watermark_args.save_file_name='c4_4.csv' ++attack_args.is_completion=True 
Output:
Success
Command succeeded: python watermarked_text_generator.py ++attack_args.prompt_file='./inputs/mini_c4.csv' ++attack_args.prompt_num=5 ++watermark_args.save_file_name='c4_5.csv' ++attack_args.is_completion=True 
Output:
Success
Command succeeded: python watermarked_text_generator.py ++attack_args.prompt_file='./inputs/mini_c4.csv' ++attack_args.prompt_num=6 ++watermark_args.save_file_name='c4_6.csv' ++attack_args.is_completion=True 
Output:
Success
Command succeeded: python watermarked_text_generator.py ++attack_args.prompt_file='./inputs/mini_c4.csv' ++attack_args.prompt_num=7 ++watermark_args.save_file_name='c4_7.csv' ++attack_args.is_completion=True 
Output:
Success
Command succeeded: python watermarked_text_generator.py ++attack_args.prompt_file='./inputs/mini_c4.csv' ++attack_args.prompt_num=8 ++watermark_args.save_file_name='c4_8.csv' ++attack_args.is_completion=True 
Output:
Success
Command succeeded: python watermarked_text_generator.py ++attack_args.prompt_file='./inputs/mini_c4.csv' ++attack_args.prompt_num=9 ++watermark_args.save_file_name='c4_9.csv' ++attack_args.is_completion=True 
Output:
Success
Command succeeded: python watermarked_text_generator.py ++attack_args.prompt_file='./inputs/mini_c4.csv' ++attack_args.prompt_num=10 ++watermark_args.save_file_name='c4_10.csv' ++attack_args.is_completion=True 
Output:
Success
