2024-06-20 12:55:33,269:INFO:Running command: python watermarked_text_generator.py ++prompt_file='./inputs/tests_v1_with_lotr.csv' ++prompt_num=1 ++is_completion=False ++generator_args.temperature=1 ++generator_args.diversity_penalty=0 ++generation_stats_file_path='./inputs/attack_prompt_based_saves/prompt_1_temp_100_divp_0_attempt_1/stats.csv' ++watermark_args.use_fine_tuned=False ++watermarked_text_file_name='attack_prompt_based_saves/prompt_1_temp_100_divp_0_attempt_1/watermarked_text.csv' 
2024-06-20 12:55:33,269:INFO:Saving results to ./inputs/attack_prompt_based_saves/prompt_1_temp_100_divp_0_attempt_1/logfile.log
2024-06-20 13:02:20,990:INFO:Command executed successfully
2024-06-20 13:02:20,991:INFO:Running command: python watermarked_text_generator.py ++prompt_file='./inputs/tests_v1_with_lotr.csv' ++prompt_num=2 ++is_completion=False ++generator_args.temperature=1 ++generator_args.diversity_penalty=0 ++generation_stats_file_path='./inputs/attack_prompt_based_saves/prompt_2_temp_100_divp_0_attempt_1/stats.csv' ++watermark_args.use_fine_tuned=False ++watermarked_text_file_name='attack_prompt_based_saves/prompt_2_temp_100_divp_0_attempt_1/watermarked_text.csv' 
2024-06-20 13:02:20,991:INFO:Saving results to ./inputs/attack_prompt_based_saves/prompt_2_temp_100_divp_0_attempt_1/logfile.log
2024-06-20 13:11:54,555:INFO:Command executed successfully
2024-06-20 13:11:54,556:INFO:Running command: python watermarked_text_generator.py ++prompt_file='./inputs/tests_v1_with_lotr.csv' ++prompt_num=3 ++is_completion=False ++generator_args.temperature=1 ++generator_args.diversity_penalty=0 ++generation_stats_file_path='./inputs/attack_prompt_based_saves/prompt_3_temp_100_divp_0_attempt_1/stats.csv' ++watermark_args.use_fine_tuned=False ++watermarked_text_file_name='attack_prompt_based_saves/prompt_3_temp_100_divp_0_attempt_1/watermarked_text.csv' 
2024-06-20 13:11:54,556:INFO:Saving results to ./inputs/attack_prompt_based_saves/prompt_3_temp_100_divp_0_attempt_1/logfile.log
2024-06-20 13:12:32,304:ERROR:Command failed with error: None
-> This failed due to the stopping when no generation buggy behavior.
2024-06-20 13:12:32,304:INFO:Running command: python watermarked_text_generator.py ++prompt_file='./inputs/tests_v1_with_lotr.csv' ++prompt_num=4 ++is_completion=False ++generator_args.temperature=1 ++generator_args.diversity_penalty=0 ++generation_stats_file_path='./inputs/attack_prompt_based_saves/prompt_4_temp_100_divp_0_attempt_1/stats.csv' ++watermark_args.use_fine_tuned=False ++watermarked_text_file_name='attack_prompt_based_saves/prompt_4_temp_100_divp_0_attempt_1/watermarked_text.csv' 
2024-06-20 13:12:32,304:INFO:Saving results to ./inputs/attack_prompt_based_saves/prompt_4_temp_100_divp_0_attempt_1/logfile.log
2024-06-20 13:28:04,581:INFO:Command executed successfully
2024-06-20 13:28:04,582:INFO:Running command: python watermarked_text_generator.py ++prompt_file='./inputs/tests_v1_with_lotr.csv' ++prompt_num=5 ++is_completion=False ++generator_args.temperature=1 ++generator_args.diversity_penalty=0 ++generation_stats_file_path='./inputs/attack_prompt_based_saves/prompt_5_temp_100_divp_0_attempt_1/stats.csv' ++watermark_args.use_fine_tuned=False ++watermarked_text_file_name='attack_prompt_based_saves/prompt_5_temp_100_divp_0_attempt_1/watermarked_text.csv' 
2024-06-20 13:28:04,582:INFO:Saving results to ./inputs/attack_prompt_based_saves/prompt_5_temp_100_divp_0_attempt_1/logfile.log
2024-06-20 13:32:34,277:INFO:Command executed successfully
2024-06-20 13:32:34,277:INFO:Running command: python watermarked_text_generator.py ++prompt_file='./inputs/tests_v1_with_lotr.csv' ++prompt_num=6 ++is_completion=False ++generator_args.temperature=1 ++generator_args.diversity_penalty=0 ++generation_stats_file_path='./inputs/attack_prompt_based_saves/prompt_6_temp_100_divp_0_attempt_1/stats.csv' ++watermark_args.use_fine_tuned=False ++watermarked_text_file_name='attack_prompt_based_saves/prompt_6_temp_100_divp_0_attempt_1/watermarked_text.csv' 
2024-06-20 13:32:34,277:INFO:Saving results to ./inputs/attack_prompt_based_saves/prompt_6_temp_100_divp_0_attempt_1/logfile.log
2024-06-20 13:48:53,576:INFO:Command executed successfully
2024-06-20 13:48:53,577:INFO:Running command: python watermarked_text_generator.py ++prompt_file='./inputs/tests_v1_with_lotr.csv' ++prompt_num=7 ++is_completion=False ++generator_args.temperature=1 ++generator_args.diversity_penalty=0 ++generation_stats_file_path='./inputs/attack_prompt_based_saves/prompt_7_temp_100_divp_0_attempt_1/stats.csv' ++watermark_args.use_fine_tuned=False ++watermarked_text_file_name='attack_prompt_based_saves/prompt_7_temp_100_divp_0_attempt_1/watermarked_text.csv' 
2024-06-20 13:48:53,577:INFO:Saving results to ./inputs/attack_prompt_based_saves/prompt_7_temp_100_divp_0_attempt_1/logfile.log
-> This used Roman numerals and therefore failed to watermark.
2024-06-20 14:07:28,302:INFO:Command executed successfully
2024-06-20 14:07:28,302:INFO:Running command: python watermarked_text_generator.py ++prompt_file='./inputs/tests_v1_with_lotr.csv' ++prompt_num=8 ++is_completion=False ++generator_args.temperature=1 ++generator_args.diversity_penalty=0 ++generation_stats_file_path='./inputs/attack_prompt_based_saves/prompt_8_temp_100_divp_0_attempt_1/stats.csv' ++watermark_args.use_fine_tuned=False ++watermarked_text_file_name='attack_prompt_based_saves/prompt_8_temp_100_divp_0_attempt_1/watermarked_text.cs2024-06-20 14:20:34,617:INFO:Command executed successfully
2024-06-20 14:20:34,617:INFO:Running command: python watermarked_text_generator.py ++prompt_file='./inputs/tests_v1_with_lotr.csv' ++prompt_num=9 ++is_completion=False ++generator_args.temperature=1 ++generator_args.diversity_penalty=0 ++generation_stats_file_path='./inputs/attack_prompt_based_saves/prompt_9_temp_100_divp_0_attempt_1/stats.csv' ++watermark_args.use_fine_tuned=False ++watermarked_text_file_name='attack_prompt_based_saves/prompt_9_temp_100_divp_0_attempt_1/watermarked_text.csv' 
2024-06-20 14:20:34,617:INFO:Saving results to ./inputs/attack_prompt_based_saves/prompt_9_temp_100_divp_0_attempt_1/logfile.log
2024-06-20 14:36:13,081:INFO:Command executed successfully
2024-06-20 14:36:13,081:INFO:Running command: python watermarked_text_generator.py ++prompt_file='./inputs/tests_v1_with_lotr.csv' ++prompt_num=10 ++is_completion=False ++generator_args.temperature=1 ++generator_args.diversity_penalty=0 ++generation_stats_file_path='./inputs/attack_prompt_based_saves/prompt_10_temp_100_divp_0_attempt_1/stats.csv' ++watermark_args.use_fine_tuned=False ++watermarked_text_file_name='attack_prompt_based_saves/prompt_10_temp_100_divp_0_attempt_1/watermarked_text.csv' 
2024-06-20 14:36:13,082:INFO:Saving results to ./inputs/attack_prompt_based_saves/prompt_10_temp_100_divp_0_attempt_1/logfile.log
2024-06-20 14:50:21,906:INFO:Command executed successfully
2024-06-20 14:50:21,907:INFO:Running command: python watermarked_text_generator.py ++prompt_file='./inputs/tests_v1_with_lotr.csv' ++prompt_num=11 ++is_completion=False ++generator_args.temperature=1 ++generator_args.diversity_penalty=0 ++generation_stats_file_path='./inputs/attack_prompt_based_saves/prompt_11_temp_100_divp_0_attempt_1/stats.csv' ++watermark_args.use_fine_tuned=False ++watermarked_text_file_name='attack_prompt_based_saves/prompt_11_temp_100_divp_0_attempt_1/watermarked_text.csv' 
2024-06-20 14:50:21,907:INFO:Saving results to ./inputs/attack_prompt_based_saves/prompt_11_temp_100_divp_0_attempt_1/logfile.log
2024-06-20 14:59:53,181:INFO:Command executed successfully
2024-06-20 14:59:53,181:INFO:[('Success', None), ('Success', None), (None, None), ('Success', None), ('Success', None), ('Success', None), ('Success', None), ('Success', None), ('Success', None), ('Success', None), ('Success', None)]
Command succeeded: python watermarked_text_generator.py ++prompt_file='./inputs/tests_v1_with_lotr.csv' ++prompt_num=1 ++is_completion=False ++generator_args.temperature=1 ++generator_args.diversity_penalty=0 ++generation_stats_file_path='./inputs/attack_prompt_based_saves/prompt_1_temp_100_divp_0_attempt_1/stats.csv' ++watermark_args.use_fine_tuned=False ++watermarked_text_file_name='attack_prompt_based_saves/prompt_1_temp_100_divp_0_attempt_1/watermarked_text.csv' 
Output:
Success
Command succeeded: python watermarked_text_generator.py ++prompt_file='./inputs/tests_v1_with_lotr.csv' ++prompt_num=2 ++is_completion=False ++generator_args.temperature=1 ++generator_args.diversity_penalty=0 ++generation_stats_file_path='./inputs/attack_prompt_based_saves/prompt_2_temp_100_divp_0_attempt_1/stats.csv' ++watermark_args.use_fine_tuned=False ++watermarked_text_file_name='attack_prompt_based_saves/prompt_2_temp_100_divp_0_attempt_1/watermarked_text.csv' 
Output:
Success
Command succeeded: python watermarked_text_generator.py ++prompt_file='./inputs/tests_v1_with_lotr.csv' ++prompt_num=3 ++is_completion=False ++generator_args.temperature=1 ++generator_args.diversity_penalty=0 ++generation_stats_file_path='./inputs/attack_prompt_based_saves/prompt_3_temp_100_divp_0_attempt_1/stats.csv' ++watermark_args.use_fine_tuned=False ++watermarked_text_file_name='attack_prompt_based_saves/prompt_3_temp_100_divp_0_attempt_1/watermarked_text.csv' 
Output:
None
Command succeeded: python watermarked_text_generator.py ++prompt_file='./inputs/tests_v1_with_lotr.csv' ++prompt_num=4 ++is_completion=False ++generator_args.temperature=1 ++generator_args.diversity_penalty=0 ++generation_stats_file_path='./inputs/attack_prompt_based_saves/prompt_4_temp_100_divp_0_attempt_1/stats.csv' ++watermark_args.use_fine_tuned=False ++watermarked_text_file_name='attack_prompt_based_saves/prompt_4_temp_100_divp_0_attempt_1/watermarked_text.csv' 
Output:
Success
Command succeeded: python watermarked_text_generator.py ++prompt_file='./inputs/tests_v1_with_lotr.csv' ++prompt_num=5 ++is_completion=False ++generator_args.temperature=1 ++generator_args.diversity_penalty=0 ++generation_stats_file_path='./inputs/attack_prompt_based_saves/prompt_5_temp_100_divp_0_attempt_1/stats.csv' ++watermark_args.use_fine_tuned=False ++watermarked_text_file_name='attack_prompt_based_saves/prompt_5_temp_100_divp_0_attempt_1/watermarked_text.csv' 
Output:
Success
Command succeeded: python watermarked_text_generator.py ++prompt_file='./inputs/tests_v1_with_lotr.csv' ++prompt_num=6 ++is_completion=False ++generator_args.temperature=1 ++generator_args.diversity_penalty=0 ++generation_stats_file_path='./inputs/attack_prompt_based_saves/prompt_6_temp_100_divp_0_attempt_1/stats.csv' ++watermark_args.use_fine_tuned=False ++watermarked_text_file_name='attack_prompt_based_saves/prompt_6_temp_100_divp_0_attempt_1/watermarked_text.csv' 
Output:
Success
Command succeeded: python watermarked_text_generator.py ++prompt_file='./inputs/tests_v1_with_lotr.csv' ++prompt_num=7 ++is_completion=False ++generator_args.temperature=1 ++generator_args.diversity_penalty=0 ++generation_stats_file_path='./inputs/attack_prompt_based_saves/prompt_7_temp_100_divp_0_attempt_1/stats.csv' ++watermark_args.use_fine_tuned=False ++watermarked_text_file_name='attack_prompt_based_saves/prompt_7_temp_100_divp_0_attempt_1/watermarked_text.csv' 
Output:
Success
Command succeeded: python watermarked_text_generator.py ++prompt_file='./inputs/tests_v1_with_lotr.csv' ++prompt_num=8 ++is_completion=False ++generator_args.temperature=1 ++generator_args.diversity_penalty=0 ++generation_stats_file_path='./inputs/attack_prompt_based_saves/prompt_8_temp_100_divp_0_attempt_1/stats.csv' ++watermark_args.use_fine_tuned=False ++watermarked_text_file_name='attack_prompt_based_saves/prompt_8_temp_100_divp_0_attempt_1/watermarked_text.csv' 
Output:
Success
Command succeeded: python watermarked_text_generator.py ++prompt_file='./inputs/tests_v1_with_lotr.csv' ++prompt_num=9 ++is_completion=False ++generator_args.temperature=1 ++generator_args.diversity_penalty=0 ++generation_stats_file_path='./inputs/attack_prompt_based_saves/prompt_9_temp_100_divp_0_attempt_1/stats.csv' ++watermark_args.use_fine_tuned=False ++watermarked_text_file_name='attack_prompt_based_saves/prompt_9_temp_100_divp_0_attempt_1/watermarked_text.csv' 
Output:
Success
Command succeeded: python watermarked_text_generator.py ++prompt_file='./inputs/tests_v1_with_lotr.csv' ++prompt_num=10 ++is_completion=False ++generator_args.temperature=1 ++generator_args.diversity_penalty=0 ++generation_stats_file_path='./inputs/attack_prompt_based_saves/prompt_10_temp_100_divp_0_attempt_1/stats.csv' ++watermark_args.use_fine_tuned=False ++watermarked_text_file_name='attack_prompt_based_saves/prompt_10_temp_100_divp_0_attempt_1/watermarked_text.csv' 
Output:
Success
Command succeeded: python watermarked_text_generator.py ++prompt_file='./inputs/tests_v1_with_lotr.csv' ++prompt_num=11 ++is_completion=False ++generator_args.temperature=1 ++generator_args.diversity_penalty=0 ++generation_stats_file_path='./inputs/attack_prompt_based_saves/prompt_11_temp_100_divp_0_attempt_1/stats.csv' ++watermark_args.use_fine_tuned=False ++watermarked_text_file_name='attack_prompt_based_saves/prompt_11_temp_100_divp_0_attempt_1/watermarked_text.csv' 
Output:
Success
