2024-06-20 14:24:40,948:INFO:Running command: python watermarked_text_generator.py ++prompt_file='./inputs/tests_v1_with_lotr.csv' ++prompt_num=15 ++is_completion=False ++generator_args.temperature=1 ++generator_args.diversity_penalty=0 ++generation_stats_file_path='./inputs/attack_prompt_based_saves/prompt_15_temp_100_divp_0_attempt_1/stats.csv' ++watermark_args.use_fine_tuned=False ++watermarked_text_file_name='attack_prompt_based_saves/prompt_15_temp_100_divp_0_attempt_1/watermarked_text.csv' 
2024-06-20 14:24:40,948:INFO:Saving results to ./inputs/attack_prompt_based_saves/prompt_15_temp_100_divp_0_attempt_1/logfile.log
2024-06-20 14:31:01,610:INFO:Command executed successfully
2024-06-20 14:31:01,610:INFO:Running command: python watermarked_text_generator.py ++prompt_file='./inputs/tests_v1_with_lotr.csv' ++prompt_num=16 ++is_completion=False ++generator_args.temperature=1 ++generator_args.diversity_penalty=0 ++generation_stats_file_path='./inputs/attack_prompt_based_saves/prompt_16_temp_100_divp_0_attempt_1/stats.csv' ++watermark_args.use_fine_tuned=False ++watermarked_text_file_name='attack_prompt_based_saves/prompt_16_temp_100_divp_0_attempt_1/watermarked_text.csv' 
2024-06-20 14:31:01,610:INFO:Saving results to ./inputs/attack_prompt_based_saves/prompt_16_temp_100_divp_0_attempt_1/logfile.log
2024-06-20 14:43:39,938:INFO:Command executed successfully
2024-06-20 14:43:39,938:INFO:Running command: python watermarked_text_generator.py ++prompt_file='./inputs/tests_v1_with_lotr.csv' ++prompt_num=17 ++is_completion=False ++generator_args.temperature=1 ++generator_args.diversity_penalty=0 ++generation_stats_file_path='./inputs/attack_prompt_based_saves/prompt_17_temp_100_divp_0_attempt_1/stats.csv' ++watermark_args.use_fine_tuned=False ++watermarked_text_file_name='attack_prompt_based_saves/prompt_17_temp_100_divp_0_attempt_1/watermarked_text.csv' 
2024-06-20 14:43:39,939:INFO:Saving results to ./inputs/attack_prompt_based_saves/prompt_17_temp_100_divp_0_attempt_1/logfile.log
2024-06-20 15:00:29,853:INFO:Command executed successfully
2024-06-20 15:00:29,854:INFO:Running command: python watermarked_text_generator.py ++prompt_file='./inputs/tests_v1_with_lotr.csv' ++prompt_num=18 ++is_completion=False ++generator_args.temperature=1 ++generator_args.diversity_penalty=0 ++generation_stats_file_path='./inputs/attack_prompt_based_saves/prompt_18_temp_100_divp_0_attempt_1/stats.csv' ++watermark_args.use_fine_tuned=False ++watermarked_text_file_name='attack_prompt_based_saves/prompt_18_temp_100_divp_0_attempt_1/watermarked_text.csv' 
2024-06-20 15:00:29,854:INFO:Saving results to ./inputs/attack_prompt_based_saves/prompt_18_temp_100_divp_0_attempt_1/logfile.log
2024-06-20 15:18:34,889:INFO:Command executed successfully
2024-06-20 15:18:34,889:INFO:[('Success', None), ('Success', None), ('Success', None), ('Success', None)]
Command succeeded: python watermarked_text_generator.py ++prompt_file='./inputs/tests_v1_with_lotr.csv' ++prompt_num=15 ++is_completion=False ++generator_args.temperature=1 ++generator_args.diversity_penalty=0 ++generation_stats_file_path='./inputs/attack_prompt_based_saves/prompt_15_temp_100_divp_0_attempt_1/stats.csv' ++watermark_args.use_fine_tuned=False ++watermarked_text_file_name='attack_prompt_based_saves/prompt_15_temp_100_divp_0_attempt_1/watermarked_text.csv' 
Output:
Success
Command succeeded: python watermarked_text_generator.py ++prompt_file='./inputs/tests_v1_with_lotr.csv' ++prompt_num=16 ++is_completion=False ++generator_args.temperature=1 ++generator_args.diversity_penalty=0 ++generation_stats_file_path='./inputs/attack_prompt_based_saves/prompt_16_temp_100_divp_0_attempt_1/stats.csv' ++watermark_args.use_fine_tuned=False ++watermarked_text_file_name='attack_prompt_based_saves/prompt_16_temp_100_divp_0_attempt_1/watermarked_text.csv' 
Output:
Success
Command succeeded: python watermarked_text_generator.py ++prompt_file='./inputs/tests_v1_with_lotr.csv' ++prompt_num=17 ++is_completion=False ++generator_args.temperature=1 ++generator_args.diversity_penalty=0 ++generation_stats_file_path='./inputs/attack_prompt_based_saves/prompt_17_temp_100_divp_0_attempt_1/stats.csv' ++watermark_args.use_fine_tuned=False ++watermarked_text_file_name='attack_prompt_based_saves/prompt_17_temp_100_divp_0_attempt_1/watermarked_text.csv' 
Output:
Success
Command succeeded: python watermarked_text_generator.py ++prompt_file='./inputs/tests_v1_with_lotr.csv' ++prompt_num=18 ++is_completion=False ++generator_args.temperature=1 ++generator_args.diversity_penalty=0 ++generation_stats_file_path='./inputs/attack_prompt_based_saves/prompt_18_temp_100_divp_0_attempt_1/stats.csv' ++watermark_args.use_fine_tuned=False ++watermarked_text_file_name='attack_prompt_based_saves/prompt_18_temp_100_divp_0_attempt_1/watermarked_text.csv' 
Output:
Success
