/local1/borito1907/anaconda3/envs/watermark/lib/python3.10/site-packages/transformers/utils/hub.py:124: FutureWarning: Using `TRANSFORMERS_CACHE` is deprecated and will be removed in v5 of Transformers. Use `HF_HOME` instead.
  warnings.warn(
Traceback (most recent call last):
  File "/local1/borito1907/impossibility-watermark/watermarked_text_generator.py", line 3, in <module>
    from utils import get_watermarker, save_to_csv, get_prompt_or_output, count_csv_entries
  File "/local1/borito1907/impossibility-watermark/utils.py", line 237, in <module>
    from watermarkers import UMDWatermarker, UnigramWatermarker, EXPWatermarker, SemStampWatermarker
  File "/local1/borito1907/impossibility-watermark/watermarkers/__init__.py", line 1, in <module>
    from .exp import EXPWatermarker
  File "/local1/borito1907/impossibility-watermark/watermarkers/exp.py", line 2, in <module>
    from watermarker import Watermarker
  File "/local1/borito1907/impossibility-watermark/watermarker.py", line 5, in <module>
    from model_builders.pipeline import PipeLineBuilder
  File "/local1/borito1907/impossibility-watermark/model_builders/__init__.py", line 1, in <module>
    from .pipeline import PipeLineBuilder
  File "/local1/borito1907/impossibility-watermark/model_builders/pipeline.py", line 1, in <module>
    from transformers import AutoModelForCausalLM, AutoTokenizer, pipeline, T5ForConditionalGeneration, GPTQConfig
  File "<frozen importlib._bootstrap>", line 1075, in _handle_fromlist
  File "/local1/borito1907/anaconda3/envs/watermark/lib/python3.10/site-packages/transformers/utils/import_utils.py", line 1500, in __getattr__
    module = self._get_module(self._class_to_module[name])
  File "/local1/borito1907/anaconda3/envs/watermark/lib/python3.10/site-packages/transformers/utils/import_utils.py", line 1510, in _get_module
    return importlib.import_module("." + module_name, self.__name__)
  File "/local1/borito1907/anaconda3/envs/watermark/lib/python3.10/importlib/__init__.py", line 126, in import_module
    return _bootstrap._gcd_import(name[level:], package, level)
  File "/local1/borito1907/anaconda3/envs/watermark/lib/python3.10/site-packages/transformers/pipelines/__init__.py", line 47, in <module>
    from .audio_classification import AudioClassificationPipeline
  File "/local1/borito1907/anaconda3/envs/watermark/lib/python3.10/site-packages/transformers/pipelines/audio_classification.py", line 21, in <module>
    from .base import Pipeline, build_pipeline_init_args
  File "/local1/borito1907/anaconda3/envs/watermark/lib/python3.10/site-packages/transformers/pipelines/base.py", line 34, in <module>
    from ..modelcard import ModelCard
  File "/local1/borito1907/anaconda3/envs/watermark/lib/python3.10/site-packages/transformers/modelcard.py", line 48, in <module>
    from .training_args import ParallelMode
  File "/local1/borito1907/anaconda3/envs/watermark/lib/python3.10/site-packages/transformers/training_args.py", line 73, in <module>
    from accelerate.state import AcceleratorState, PartialState
  File "/local1/borito1907/anaconda3/envs/watermark/lib/python3.10/site-packages/accelerate/__init__.py", line 16, in <module>
    from .accelerator import Accelerator
  File "/local1/borito1907/anaconda3/envs/watermark/lib/python3.10/site-packages/accelerate/accelerator.py", line 35, in <module>
    from .checkpointing import load_accelerator_state, load_custom_state, save_accelerator_state, save_custom_state
  File "/local1/borito1907/anaconda3/envs/watermark/lib/python3.10/site-packages/accelerate/checkpointing.py", line 24, in <module>
    from .utils import (
  File "/local1/borito1907/anaconda3/envs/watermark/lib/python3.10/site-packages/accelerate/utils/__init__.py", line 182, in <module>
    from .fsdp_utils import load_fsdp_model, load_fsdp_optimizer, save_fsdp_model, save_fsdp_optimizer
  File "/local1/borito1907/anaconda3/envs/watermark/lib/python3.10/site-packages/accelerate/utils/fsdp_utils.py", line 26, in <module>
    import torch.distributed.checkpoint as dist_cp
  File "/local1/borito1907/anaconda3/envs/watermark/lib/python3.10/site-packages/torch/distributed/checkpoint/__init__.py", line 2, in <module>
    from .default_planner import DefaultLoadPlanner, DefaultSavePlanner
  File "/local1/borito1907/anaconda3/envs/watermark/lib/python3.10/site-packages/torch/distributed/checkpoint/default_planner.py", line 13, in <module>
    from torch.distributed._tensor import DTensor
  File "/local1/borito1907/anaconda3/envs/watermark/lib/python3.10/site-packages/torch/distributed/_tensor/__init__.py", line 6, in <module>
    import torch.distributed._tensor.ops
  File "/local1/borito1907/anaconda3/envs/watermark/lib/python3.10/site-packages/torch/distributed/_tensor/ops/__init__.py", line 2, in <module>
    from .embedding_ops import *  # noqa: F403
  File "/local1/borito1907/anaconda3/envs/watermark/lib/python3.10/site-packages/torch/distributed/_tensor/ops/embedding_ops.py", line 8, in <module>
    import torch.distributed._functional_collectives as funcol
  File "/local1/borito1907/anaconda3/envs/watermark/lib/python3.10/site-packages/torch/distributed/_functional_collectives.py", line 920, in <module>
    _register_ops()
  File "/local1/borito1907/anaconda3/envs/watermark/lib/python3.10/site-packages/torch/distributed/_functional_collectives.py", line 911, in _register_ops
    impl_abstract(f"c10d_functional::{op_name}")(meta_impl)
  File "/local1/borito1907/anaconda3/envs/watermark/lib/python3.10/site-packages/torch/_custom_ops.py", line 253, in impl_abstract
    return torch.library.impl_abstract(qualname, func, _stacklevel=2)
  File "/local1/borito1907/anaconda3/envs/watermark/lib/python3.10/site-packages/torch/library.py", line 448, in impl_abstract
    source = torch._library.utils.get_source(_stacklevel + 1)
  File "/local1/borito1907/anaconda3/envs/watermark/lib/python3.10/site-packages/torch/_library/utils.py", line 39, in get_source
    frame = inspect.getframeinfo(sys._getframe(stacklevel))
  File "/local1/borito1907/anaconda3/envs/watermark/lib/python3.10/inspect.py", line 1624, in getframeinfo
    lines, lnum = findsource(frame)
  File "/local1/borito1907/anaconda3/envs/watermark/lib/python3.10/inspect.py", line 952, in findsource
    module = getmodule(object, file)
  File "/local1/borito1907/anaconda3/envs/watermark/lib/python3.10/inspect.py", line 878, in getmodule
    os.path.realpath(f)] = module.__name__
  File "/local1/borito1907/anaconda3/envs/watermark/lib/python3.10/posixpath.py", line 396, in realpath
    path, ok = _joinrealpath(filename[:0], filename, strict, {})
  File "/local1/borito1907/anaconda3/envs/watermark/lib/python3.10/posixpath.py", line 429, in _joinrealpath
    newpath = join(path, name)
  File "/local1/borito1907/anaconda3/envs/watermark/lib/python3.10/posixpath.py", line 77, in join
    sep = _get_sep(a)
  File "/local1/borito1907/anaconda3/envs/watermark/lib/python3.10/posixpath.py", line 42, in _get_sep
    if isinstance(path, bytes):
KeyboardInterrupt
