Traceback (most recent call last):
  File "/local1/borito1907/impossibility-watermark/watermarked_text_generator.py", line 3, in <module>
    from utils import get_watermarker, save_to_csv, get_prompt_or_output, count_csv_entries
  File "/local1/borito1907/impossibility-watermark/utils.py", line 237, in <module>
    from watermarkers import UMDWatermarker, UnigramWatermarker, EXPWatermarker, SemStampWatermarker
  File "/local1/borito1907/impossibility-watermark/watermarkers/__init__.py", line 1, in <module>
    from .exp import EXPWatermarker
  File "/local1/borito1907/impossibility-watermark/watermarkers/exp.py", line 2, in <module>
    from watermarker import Watermarker
  File "/local1/borito1907/impossibility-watermark/watermarker.py", line 5, in <module>
    from model_builders.pipeline import PipeLineBuilder
  File "/local1/borito1907/impossibility-watermark/model_builders/__init__.py", line 1, in <module>
    from .pipeline import PipeLineBuilder
  File "/local1/borito1907/impossibility-watermark/model_builders/pipeline.py", line 1, in <module>
    from transformers import AutoModelForCausalLM, AutoTokenizer, pipeline, T5ForConditionalGeneration, GPTQConfig
  File "/local1/borito1907/anaconda3/envs/watermark/lib/python3.10/site-packages/transformers/__init__.py", line 26, in <module>
    from . import dependency_versions_check
  File "/local1/borito1907/anaconda3/envs/watermark/lib/python3.10/site-packages/transformers/dependency_versions_check.py", line 16, in <module>
    from .utils.versions import require_version, require_version_core
  File "/local1/borito1907/anaconda3/envs/watermark/lib/python3.10/site-packages/transformers/utils/__init__.py", line 18, in <module>
    from huggingface_hub import get_full_repo_name  # for backward compatibility
  File "<frozen importlib._bootstrap>", line 1075, in _handle_fromlist
  File "/local1/borito1907/anaconda3/envs/watermark/lib/python3.10/site-packages/huggingface_hub/__init__.py", line 503, in __getattr__
    submod = importlib.import_module(submod_path)
  File "/local1/borito1907/anaconda3/envs/watermark/lib/python3.10/importlib/__init__.py", line 126, in import_module
    return _bootstrap._gcd_import(name[level:], package, level)
  File "/local1/borito1907/anaconda3/envs/watermark/lib/python3.10/site-packages/huggingface_hub/hf_api.py", line 50, in <module>
    from ._commit_api import (
  File "/local1/borito1907/anaconda3/envs/watermark/lib/python3.10/site-packages/huggingface_hub/_commit_api.py", line 18, in <module>
    from .constants import ENDPOINT, HF_HUB_ENABLE_HF_TRANSFER
  File "/local1/borito1907/anaconda3/envs/watermark/lib/python3.10/site-packages/huggingface_hub/constants.py", line 93, in <module>
    DiscussionStatusFilter = Literal["all", "open", "closed"]
  File "/local1/borito1907/anaconda3/envs/watermark/lib/python3.10/typing.py", line 410, in __getitem__
    return self._getitem(self, *parameters)
  File "/local1/borito1907/anaconda3/envs/watermark/lib/python3.10/typing.py", line 309, in inner
    return cached(*args, **kwds)
  File "/local1/borito1907/anaconda3/envs/watermark/lib/python3.10/typing.py", line 532, in Literal
    @_LiteralSpecialForm
KeyboardInterrupt
