Traceback (most recent call last):
  File "/local1/borito1907/impossibility-watermark/watermarker_tester.py", line 3, in <module>
    from utils import get_watermarker
  File "/local1/borito1907/impossibility-watermark/utils.py", line 159, in <module>
    from umd import UMDWatermarker
  File "/local1/borito1907/impossibility-watermark/umd.py", line 2, in <module>
    from watermarker import Watermarker
  File "/local1/borito1907/impossibility-watermark/watermarker.py", line 5, in <module>
    from model_builders.pipeline import PipeLineBuilder
  File "/local1/borito1907/impossibility-watermark/model_builders/__init__.py", line 1, in <module>
    from .pipeline import PipeLineBuilder
  File "/local1/borito1907/impossibility-watermark/model_builders/pipeline.py", line 3, in <module>
    from transformers import BitsAndBytesConfig, AutoModelForCausalLM, AutoTokenizer, pipeline, T5ForConditionalGeneration, AutoModel
  File "/local1/borito1907/anaconda3/envs/watermark/lib/python3.12/site-packages/transformers/__init__.py", line 26, in <module>
    from . import dependency_versions_check
  File "/local1/borito1907/anaconda3/envs/watermark/lib/python3.12/site-packages/transformers/dependency_versions_check.py", line 16, in <module>
    from .utils.versions import require_version, require_version_core
  File "/local1/borito1907/anaconda3/envs/watermark/lib/python3.12/site-packages/transformers/utils/__init__.py", line 18, in <module>
    from huggingface_hub import get_full_repo_name  # for backward compatibility
    ^^^^^^^^^^^^^^^^^^^^^^^^^^^^^^^^^^^^^^^^^^^^^^
  File "<frozen importlib._bootstrap>", line 1412, in _handle_fromlist
  File "/local1/borito1907/anaconda3/envs/watermark/lib/python3.12/site-packages/huggingface_hub/__init__.py", line 503, in __getattr__
    submod = importlib.import_module(submod_path)
             ^^^^^^^^^^^^^^^^^^^^^^^^^^^^^^^^^^^^
  File "/local1/borito1907/anaconda3/envs/watermark/lib/python3.12/importlib/__init__.py", line 90, in import_module
    return _bootstrap._gcd_import(name[level:], package, level)
           ^^^^^^^^^^^^^^^^^^^^^^^^^^^^^^^^^^^^^^^^^^^^^^^^^^^^
  File "/local1/borito1907/anaconda3/envs/watermark/lib/python3.12/site-packages/huggingface_hub/hf_api.py", line 61, in <module>
    from ._inference_endpoints import InferenceEndpoint, InferenceEndpointType
  File "/local1/borito1907/anaconda3/envs/watermark/lib/python3.12/site-packages/huggingface_hub/_inference_endpoints.py", line 9, in <module>
    from .inference._client import InferenceClient
  File "/local1/borito1907/anaconda3/envs/watermark/lib/python3.12/site-packages/huggingface_hub/inference/_client.py", line 128, in <module>
    class InferenceClient:
  File "/local1/borito1907/anaconda3/envs/watermark/lib/python3.12/site-packages/huggingface_hub/inference/_client.py", line 916, in InferenceClient
    def feature_extraction(self, text: str, *, model: Optional[str] = None) -> "np.ndarray":
                                                      ~~~~~~~~^^^^^
  File "/local1/borito1907/anaconda3/envs/watermark/lib/python3.12/typing.py", line 378, in inner
    @functools.wraps(func)

KeyboardInterrupt
