/local1/borito1907/anaconda3/envs/watermark/lib/python3.12/site-packages/transformers/utils/hub.py:122: FutureWarning: Using `TRANSFORMERS_CACHE` is deprecated and will be removed in v5 of Transformers. Use `HF_HOME` instead.
  warnings.warn(
[nltk_data] Downloading package punkt to /home/borito1907/nltk_data...
[nltk_data]   Package punkt is already up-to-date!
[2024-05-21 15:35:29,373][__main__][INFO] - Starting to watermark...
[2024-05-21 15:35:29,373][__main__][INFO] - Getting the watermarker...
[2024-05-21 15:35:29,373][watermarker][INFO] - Using device: cuda
[2024-05-21 15:35:29,374][root][INFO] - Device: auto
[2024-05-21 15:35:29,374][model_builders.pipeline][INFO] - Initializing TheBloke/Mixtral-8x7B-Instruct-v0.1-GPTQ
/local1/borito1907/anaconda3/envs/watermark/lib/python3.12/site-packages/huggingface_hub/file_download.py:1132: FutureWarning: `resume_download` is deprecated and will be removed in version 1.0.0. Downloads always resume when possible. If you want to force a new download, use `force_download=True`.
  warnings.warn(
[2024-05-21 15:35:33,139][accelerate.utils.modeling][INFO] - We will use 90% of the memory on device 0 for storing the model, and 10% for the buffer to avoid OOM. You can set `max_memory` in to a higher value to use more memory (at your own risk).
[2024-05-21 15:35:50,888][__main__][INFO] - Got the watermarker. Generating watermarked text...
/local1/borito1907/anaconda3/envs/watermark/lib/python3.12/site-packages/transformers/generation/utils.py:1547: UserWarning: You have modified the pretrained model configuration to control generation. This is a deprecated strategy to control generation and will be removed soon, in a future version. Please use and modify the model generation configuration (see https://huggingface.co/docs/transformers/generation_strategies#default-text-generation-configuration )
  warnings.warn(
[2024-05-21 15:36:54,696][__main__][INFO] - Watermarked Text: The Lord of the Rings trilogy is an epic tale that delves into the themes of power and corruption through the use of both explicit and symbolic elements throughout each novel. The One Ring, the main artifact around which the story revolves, symbolizes power as it can make the wielder invisible but also corrupts them morally and physically until they become a slave to it. The nature of power is subtly explored by J.R.R. Tolkien, suggesting that even when wielded with the best intentions, the pursuit or maintenance of power can lead to dire consequences. The concept of power in this world is not just tied to the One Ring; instead, multiple instances of power dynamics are present, affecting characters’ actions and decisions throughout the trilogy.
            In the realm of Middle-Earth, various races hold different sources of power, such as Gondor with its military might, Rohan with its horsemen, Minas Tirith with its governance, and the Elven kingdoms with their wisdom. Characters like Gandalf, Saruman, Denethor, Aragorn, Théoden, and Galadriel all possess unique abilities that distinguish them from others and provide opportunities for influence or control, albeit to varying degrees. These individuals grapple with the complexities of power: how to wield it responsibly while avoiding becoming consumed or corrupted by it. For example, Gandalf resists using the Ring after being tasked with destroying it, recognizing his susceptibility to its dark allure despite his noble intentions. Conversely, Saruman succumbs to hubris, craving more authority than he has been granted, ultimately transforming him into a villainous figure driven by greed and ambition.
         Tolkien suggests that power inherently contains a seed of danger, especially when wielded without sufficient understanding or humility. Throughout the trilogy, characters who abuse their positions or misjudge the consequences of their actions suffer grave consequences. In contrast, those who recognize the dangers associated with unchecked power demonstrate great wisdom and responsibility. Ultimately, The Lord of the Rings offers readers an insightful exploration of power dynamics and their potential implications on individuals and societies at large.
[2024-05-21 15:36:54,696][__main__][INFO] - Is Watermark Detected?: True
[2024-05-21 15:36:54,696][__main__][INFO] - Score: 11.09066718239821
[2024-05-21 15:36:54,696][__main__][INFO] - Time taken: 63.80792999267578
