2024-05-23 23:22:10,181:INFO:Running command: python watermarked_text_generator.py ++attack_args.prompt_file='./inputs/tests_v1.csv' ++attack_args.prompt_num=1 ++attack_args.is_completion=False ++watermark_args.save_file_name='prompt_based_1.csv' 
2024-05-23 23:22:10,181:INFO:Saving results to ./logs/prompt_based/1_second.log
2024-05-23 23:50:11,467:INFO:Command executed successfully
2024-05-23 23:50:11,467:INFO:Running command: python watermarked_text_generator.py ++attack_args.prompt_file='./inputs/tests_v1.csv' ++attack_args.prompt_num=2 ++attack_args.is_completion=False ++watermark_args.save_file_name='prompt_based_2.csv' 
2024-05-23 23:50:11,467:INFO:Saving results to ./logs/prompt_based/2_second.log
2024-05-24 00:05:04,210:INFO:Command executed successfully
2024-05-24 00:05:04,210:INFO:Running command: python watermarked_text_generator.py ++attack_args.prompt_file='./inputs/tests_v1.csv' ++attack_args.prompt_num=3 ++attack_args.is_completion=False ++watermark_args.save_file_name='prompt_based_3.csv' 
2024-05-24 00:05:04,210:INFO:Saving results to ./logs/prompt_based/3_second.log
2024-05-24 00:22:31,528:INFO:Command executed successfully
2024-05-24 00:22:31,528:INFO:Running command: python watermarked_text_generator.py ++attack_args.prompt_file='./inputs/tests_v1.csv' ++attack_args.prompt_num=4 ++attack_args.is_completion=False ++watermark_args.save_file_name='prompt_based_4.csv' 
2024-05-24 00:22:31,528:INFO:Saving results to ./logs/prompt_based/4_second.log
2024-05-24 00:33:58,372:INFO:Command executed successfully
2024-05-24 00:33:58,372:INFO:Running command: python watermarked_text_generator.py ++attack_args.prompt_file='./inputs/tests_v1.csv' ++attack_args.prompt_num=5 ++attack_args.is_completion=False ++watermark_args.save_file_name='prompt_based_5.csv' 
2024-05-24 00:33:58,372:INFO:Saving results to ./logs/prompt_based/5_second.log
2024-05-24 00:51:10,747:INFO:Command executed successfully
2024-05-24 00:51:10,747:INFO:Running command: python watermarked_text_generator.py ++attack_args.prompt_file='./inputs/tests_v1.csv' ++attack_args.prompt_num=6 ++attack_args.is_completion=False ++watermark_args.save_file_name='prompt_based_6.csv' 
2024-05-24 00:51:10,747:INFO:Saving results to ./logs/prompt_based/6_second.log
2024-05-24 01:06:43,893:INFO:Command executed successfully
2024-05-24 01:06:43,893:INFO:Running command: python watermarked_text_generator.py ++attack_args.prompt_file='./inputs/tests_v1.csv' ++attack_args.prompt_num=7 ++attack_args.is_completion=False ++watermark_args.save_file_name='prompt_based_7.csv' 
2024-05-24 01:06:43,893:INFO:Saving results to ./logs/prompt_based/7_second.log
2024-05-24 01:30:52,344:INFO:Command executed successfully
2024-05-24 01:30:52,344:INFO:Running command: python watermarked_text_generator.py ++attack_args.prompt_file='./inputs/tests_v1.csv' ++attack_args.prompt_num=8 ++attack_args.is_completion=False ++watermark_args.save_file_name='prompt_based_8.csv' 
2024-05-24 01:30:52,344:INFO:Saving results to ./logs/prompt_based/8_second.log
2024-05-24 01:55:12,677:INFO:Command executed successfully
2024-05-24 01:55:12,677:INFO:Running command: python watermarked_text_generator.py ++attack_args.prompt_file='./inputs/tests_v1.csv' ++attack_args.prompt_num=9 ++attack_args.is_completion=False ++watermark_args.save_file_name='prompt_based_9.csv' 
2024-05-24 01:55:12,677:INFO:Saving results to ./logs/prompt_based/9_second.log
2024-05-24 02:24:03,898:INFO:Command executed successfully
2024-05-24 02:24:03,898:INFO:Running command: python watermarked_text_generator.py ++attack_args.prompt_file='./inputs/tests_v1.csv' ++attack_args.prompt_num=10 ++attack_args.is_completion=False ++watermark_args.save_file_name='prompt_based_10.csv' 
2024-05-24 02:24:03,898:INFO:Saving results to ./logs/prompt_based/10_second.log
2024-05-24 03:00:10,072:INFO:Command executed successfully
2024-05-24 03:00:10,072:INFO:Running command: python watermarked_text_generator.py ++attack_args.prompt_file='./inputs/tests_v1.csv' ++attack_args.prompt_num=11 ++attack_args.is_completion=False ++watermark_args.save_file_name='prompt_based_11.csv' 
2024-05-24 03:00:10,072:INFO:Saving results to ./logs/prompt_based/11_second.log
2024-05-24 03:20:16,356:INFO:Command executed successfully
2024-05-24 03:20:16,356:INFO:Running command: python watermarked_text_generator.py ++attack_args.prompt_file='./inputs/tests_v1.csv' ++attack_args.prompt_num=12 ++attack_args.is_completion=False ++watermark_args.save_file_name='prompt_based_12.csv' 
2024-05-24 03:20:16,356:INFO:Saving results to ./logs/prompt_based/12_second.log
2024-05-24 03:49:38,040:INFO:Command executed successfully
2024-05-24 03:49:38,040:INFO:[('Success', None), ('Success', None), ('Success', None), ('Success', None), ('Success', None), ('Success', None), ('Success', None), ('Success', None), ('Success', None), ('Success', None), ('Success', None), ('Success', None)]
Command succeeded: python watermarked_text_generator.py ++attack_args.prompt_file='./inputs/tests_v1.csv' ++attack_args.prompt_num=1 ++attack_args.is_completion=False ++watermark_args.save_file_name='prompt_based_1.csv' 
Output:
Success
Command succeeded: python watermarked_text_generator.py ++attack_args.prompt_file='./inputs/tests_v1.csv' ++attack_args.prompt_num=2 ++attack_args.is_completion=False ++watermark_args.save_file_name='prompt_based_2.csv' 
Output:
Success
Command succeeded: python watermarked_text_generator.py ++attack_args.prompt_file='./inputs/tests_v1.csv' ++attack_args.prompt_num=3 ++attack_args.is_completion=False ++watermark_args.save_file_name='prompt_based_3.csv' 
Output:
Success
Command succeeded: python watermarked_text_generator.py ++attack_args.prompt_file='./inputs/tests_v1.csv' ++attack_args.prompt_num=4 ++attack_args.is_completion=False ++watermark_args.save_file_name='prompt_based_4.csv' 
Output:
Success
Command succeeded: python watermarked_text_generator.py ++attack_args.prompt_file='./inputs/tests_v1.csv' ++attack_args.prompt_num=5 ++attack_args.is_completion=False ++watermark_args.save_file_name='prompt_based_5.csv' 
Output:
Success
Command succeeded: python watermarked_text_generator.py ++attack_args.prompt_file='./inputs/tests_v1.csv' ++attack_args.prompt_num=6 ++attack_args.is_completion=False ++watermark_args.save_file_name='prompt_based_6.csv' 
Output:
Success
Command succeeded: python watermarked_text_generator.py ++attack_args.prompt_file='./inputs/tests_v1.csv' ++attack_args.prompt_num=7 ++attack_args.is_completion=False ++watermark_args.save_file_name='prompt_based_7.csv' 
Output:
Success
Command succeeded: python watermarked_text_generator.py ++attack_args.prompt_file='./inputs/tests_v1.csv' ++attack_args.prompt_num=8 ++attack_args.is_completion=False ++watermark_args.save_file_name='prompt_based_8.csv' 
Output:
Success
Command succeeded: python watermarked_text_generator.py ++attack_args.prompt_file='./inputs/tests_v1.csv' ++attack_args.prompt_num=9 ++attack_args.is_completion=False ++watermark_args.save_file_name='prompt_based_9.csv' 
Output:
Success
Command succeeded: python watermarked_text_generator.py ++attack_args.prompt_file='./inputs/tests_v1.csv' ++attack_args.prompt_num=10 ++attack_args.is_completion=False ++watermark_args.save_file_name='prompt_based_10.csv' 
Output:
Success
Command succeeded: python watermarked_text_generator.py ++attack_args.prompt_file='./inputs/tests_v1.csv' ++attack_args.prompt_num=11 ++attack_args.is_completion=False ++watermark_args.save_file_name='prompt_based_11.csv' 
Output:
Success
Command succeeded: python watermarked_text_generator.py ++attack_args.prompt_file='./inputs/tests_v1.csv' ++attack_args.prompt_num=12 ++attack_args.is_completion=False ++watermark_args.save_file_name='prompt_based_12.csv' 
Output:
Success
