2024-05-23 23:22:01,259:INFO:Running command: python watermarked_text_generator.py ++attack_args.prompt_file='./inputs/mini_c4.csv' ++attack_args.prompt_num=1 ++watermark_args.save_file_name='c4_1.csv' ++attack_args.is_completion=True 
2024-05-23 23:22:01,259:INFO:Saving results to ./logs/c4/minic4_1_second.log
2024-05-23 23:33:48,094:INFO:Command executed successfully
2024-05-23 23:33:48,094:INFO:Running command: python watermarked_text_generator.py ++attack_args.prompt_file='./inputs/mini_c4.csv' ++attack_args.prompt_num=2 ++watermark_args.save_file_name='c4_2.csv' ++attack_args.is_completion=True 
2024-05-23 23:33:48,094:INFO:Saving results to ./logs/c4/minic4_2_second.log
2024-05-23 23:38:22,694:INFO:Command executed successfully
2024-05-23 23:38:22,694:INFO:Running command: python watermarked_text_generator.py ++attack_args.prompt_file='./inputs/mini_c4.csv' ++attack_args.prompt_num=3 ++watermark_args.save_file_name='c4_3.csv' ++attack_args.is_completion=True 
2024-05-23 23:38:22,694:INFO:Saving results to ./logs/c4/minic4_3_second.log
2024-05-23 23:54:10,760:INFO:Command executed successfully
2024-05-23 23:54:10,760:INFO:Running command: python watermarked_text_generator.py ++attack_args.prompt_file='./inputs/mini_c4.csv' ++attack_args.prompt_num=4 ++watermark_args.save_file_name='c4_4.csv' ++attack_args.is_completion=True 
2024-05-23 23:54:10,760:INFO:Saving results to ./logs/c4/minic4_4_second.log
2024-05-24 00:09:48,093:INFO:Command executed successfully
2024-05-24 00:09:48,095:INFO:Running command: python watermarked_text_generator.py ++attack_args.prompt_file='./inputs/mini_c4.csv' ++attack_args.prompt_num=5 ++watermark_args.save_file_name='c4_5.csv' ++attack_args.is_completion=True 
2024-05-24 00:09:48,095:INFO:Saving results to ./logs/c4/minic4_5_second.log
2024-05-24 00:16:56,672:INFO:Command executed successfully
2024-05-24 00:16:56,672:INFO:Running command: python watermarked_text_generator.py ++attack_args.prompt_file='./inputs/mini_c4.csv' ++attack_args.prompt_num=6 ++watermark_args.save_file_name='c4_6.csv' ++attack_args.is_completion=True 
2024-05-24 00:16:56,672:INFO:Saving results to ./logs/c4/minic4_6_second.log
2024-05-24 00:28:38,270:INFO:Command executed successfully
2024-05-24 00:28:38,270:INFO:Running command: python watermarked_text_generator.py ++attack_args.prompt_file='./inputs/mini_c4.csv' ++attack_args.prompt_num=7 ++watermark_args.save_file_name='c4_7.csv' ++attack_args.is_completion=True 
2024-05-24 00:28:38,270:INFO:Saving results to ./logs/c4/minic4_7_second.log
Command succeeded: python watermarked_text_generator.py ++attack_args.prompt_file='./inputs/mini_c4.csv' ++attack_args.prompt_num=1 ++watermark_args.save_file_name='c4_1.csv' ++attack_args.is_completion=True 
Output:
Success
Command succeeded: python watermarked_text_generator.py ++attack_args.prompt_file='./inputs/mini_c4.csv' ++attack_args.prompt_num=2 ++watermark_args.save_file_name='c4_2.csv' ++attack_args.is_completion=True 
Output:
Success
Command succeeded: python watermarked_text_generator.py ++attack_args.prompt_file='./inputs/mini_c4.csv' ++attack_args.prompt_num=3 ++watermark_args.save_file_name='c4_3.csv' ++attack_args.is_completion=True 
Output:
Success
Command succeeded: python watermarked_text_generator.py ++attack_args.prompt_file='./inputs/mini_c4.csv' ++attack_args.prompt_num=4 ++watermark_args.save_file_name='c4_4.csv' ++attack_args.is_completion=True 
Output:
Success
Command succeeded: python watermarked_text_generator.py ++attack_args.prompt_file='./inputs/mini_c4.csv' ++attack_args.prompt_num=5 ++watermark_args.save_file_name='c4_5.csv' ++attack_args.is_completion=True 
Output:
Success
Command succeeded: python watermarked_text_generator.py ++attack_args.prompt_file='./inputs/mini_c4.csv' ++attack_args.prompt_num=6 ++watermark_args.save_file_name='c4_6.csv' ++attack_args.is_completion=True 
Output:
Success
Traceback (most recent call last):
  File "/local1/borito1907/impossibility-watermark/generate_c4_texts.py", line 46, in <module>
    main()
  File "/local1/borito1907/impossibility-watermark/generate_c4_texts.py", line 36, in main
    stdout, stderr = run_command(command, log_filepath)
                     ^^^^^^^^^^^^^^^^^^^^^^^^^^^^^^^^^^
  File "/local1/borito1907/impossibility-watermark/generate_c4_texts.py", line 15, in run_command
    result = subprocess.run(command, shell=True, check=True, text=True, stdout=f, stderr=subprocess.STDOUT)
             ^^^^^^^^^^^^^^^^^^^^^^^^^^^^^^^^^^^^^^^^^^^^^^^^^^^^^^^^^^^^^^^^^^^^^^^^^^^^^^^^^^^^^^^^^^^^^^
  File "/local1/borito1907/anaconda3/envs/watermark/lib/python3.12/subprocess.py", line 550, in run
    stdout, stderr = process.communicate(input, timeout=timeout)
                     ^^^^^^^^^^^^^^^^^^^^^^^^^^^^^^^^^^^^^^^^^^^
  File "/local1/borito1907/anaconda3/envs/watermark/lib/python3.12/subprocess.py", line 1201, in communicate
    self.wait()
  File "/local1/borito1907/anaconda3/envs/watermark/lib/python3.12/subprocess.py", line 1264, in wait
    return self._wait(timeout=timeout)
           ^^^^^^^^^^^^^^^^^^^^^^^^^^^
  File "/local1/borito1907/anaconda3/envs/watermark/lib/python3.12/subprocess.py", line 2051, in _wait
    (pid, sts) = self._try_wait(0)
                 ^^^^^^^^^^^^^^^^^
  File "/local1/borito1907/anaconda3/envs/watermark/lib/python3.12/subprocess.py", line 2009, in _try_wait
    (pid, sts) = os.waitpid(self.pid, wait_flags)
                 ^^^^^^^^^^^^^^^^^^^^^^^^^^^^^^^^
KeyboardInterrupt
