2024-05-23 23:25:44,131:INFO:Running command: python watermarked_text_generator.py ++attack_args.prompt_file='./inputs/tests_v1.csv' ++attack_args.prompt_num=1 ++attack_args.is_completion=False ++watermark_args.save_file_name='prompt_based_1.csv' 
2024-05-23 23:25:44,131:INFO:Saving results to ./logs/prompt_based/1_div_pen_15.log
2024-05-24 00:00:28,091:INFO:Command executed successfully
2024-05-24 00:00:28,091:INFO:Running command: python watermarked_text_generator.py ++attack_args.prompt_file='./inputs/tests_v1.csv' ++attack_args.prompt_num=2 ++attack_args.is_completion=False ++watermark_args.save_file_name='prompt_based_2.csv' 
2024-05-24 00:00:28,091:INFO:Saving results to ./logs/prompt_based/2_div_pen_15.log
2024-05-24 00:11:04,023:INFO:Command executed successfully
2024-05-24 00:11:04,024:INFO:Running command: python watermarked_text_generator.py ++attack_args.prompt_file='./inputs/tests_v1.csv' ++attack_args.prompt_num=3 ++attack_args.is_completion=False ++watermark_args.save_file_name='prompt_based_3.csv' 
2024-05-24 00:11:04,024:INFO:Saving results to ./logs/prompt_based/3_div_pen_15.log
2024-05-24 00:27:03,119:INFO:Command executed successfully
2024-05-24 00:27:03,119:INFO:Running command: python watermarked_text_generator.py ++attack_args.prompt_file='./inputs/tests_v1.csv' ++attack_args.prompt_num=4 ++attack_args.is_completion=False ++watermark_args.save_file_name='prompt_based_4.csv' 
2024-05-24 00:27:03,119:INFO:Saving results to ./logs/prompt_based/4_div_pen_15.log
2024-05-24 00:49:49,263:INFO:Command executed successfully
2024-05-24 00:49:49,263:INFO:Running command: python watermarked_text_generator.py ++attack_args.prompt_file='./inputs/tests_v1.csv' ++attack_args.prompt_num=5 ++attack_args.is_completion=False ++watermark_args.save_file_name='prompt_based_5.csv' 
2024-05-24 00:49:49,264:INFO:Saving results to ./logs/prompt_based/5_div_pen_15.log
2024-05-24 01:01:36,047:INFO:Command executed successfully
2024-05-24 01:01:36,047:INFO:Running command: python watermarked_text_generator.py ++attack_args.prompt_file='./inputs/tests_v1.csv' ++attack_args.prompt_num=6 ++attack_args.is_completion=False ++watermark_args.save_file_name='prompt_based_6.csv' 
2024-05-24 01:01:36,047:INFO:Saving results to ./logs/prompt_based/6_div_pen_15.log
2024-05-24 01:19:42,677:INFO:Command executed successfully
2024-05-24 01:19:42,678:INFO:Running command: python watermarked_text_generator.py ++attack_args.prompt_file='./inputs/tests_v1.csv' ++attack_args.prompt_num=7 ++attack_args.is_completion=False ++watermark_args.save_file_name='prompt_based_7.csv' 
2024-05-24 01:19:42,678:INFO:Saving results to ./logs/prompt_based/7_div_pen_15.log
2024-05-24 01:37:33,398:INFO:Command executed successfully
2024-05-24 01:37:33,398:INFO:Running command: python watermarked_text_generator.py ++attack_args.prompt_file='./inputs/tests_v1.csv' ++attack_args.prompt_num=8 ++attack_args.is_completion=False ++watermark_args.save_file_name='prompt_based_8.csv' 
2024-05-24 01:37:33,398:INFO:Saving results to ./logs/prompt_based/8_div_pen_15.log
2024-05-24 02:02:24,512:INFO:Command executed successfully
2024-05-24 02:02:24,512:INFO:Running command: python watermarked_text_generator.py ++attack_args.prompt_file='./inputs/tests_v1.csv' ++attack_args.prompt_num=9 ++attack_args.is_completion=False ++watermark_args.save_file_name='prompt_based_9.csv' 
2024-05-24 02:02:24,512:INFO:Saving results to ./logs/prompt_based/9_div_pen_15.log
2024-05-24 02:23:04,667:INFO:Command executed successfully
2024-05-24 02:23:04,667:INFO:Running command: python watermarked_text_generator.py ++attack_args.prompt_file='./inputs/tests_v1.csv' ++attack_args.prompt_num=10 ++attack_args.is_completion=False ++watermark_args.save_file_name='prompt_based_10.csv' 
2024-05-24 02:23:04,667:INFO:Saving results to ./logs/prompt_based/10_div_pen_15.log
2024-05-24 02:42:24,743:INFO:Command executed successfully
2024-05-24 02:42:24,744:INFO:Running command: python watermarked_text_generator.py ++attack_args.prompt_file='./inputs/tests_v1.csv' ++attack_args.prompt_num=11 ++attack_args.is_completion=False ++watermark_args.save_file_name='prompt_based_11.csv' 
2024-05-24 02:42:24,744:INFO:Saving results to ./logs/prompt_based/11_div_pen_15.log
2024-05-24 02:53:16,026:INFO:Command executed successfully
2024-05-24 02:53:16,026:INFO:Running command: python watermarked_text_generator.py ++attack_args.prompt_file='./inputs/tests_v1.csv' ++attack_args.prompt_num=12 ++attack_args.is_completion=False ++watermark_args.save_file_name='prompt_based_12.csv' 
2024-05-24 02:53:16,026:INFO:Saving results to ./logs/prompt_based/12_div_pen_15.log
2024-05-24 03:03:28,114:INFO:Command executed successfully
2024-05-24 03:03:28,114:INFO:[('Success', None), ('Success', None), ('Success', None), ('Success', None), ('Success', None), ('Success', None), ('Success', None), ('Success', None), ('Success', None), ('Success', None), ('Success', None), ('Success', None)]
Command succeeded: python watermarked_text_generator.py ++attack_args.prompt_file='./inputs/tests_v1.csv' ++attack_args.prompt_num=1 ++attack_args.is_completion=False ++watermark_args.save_file_name='prompt_based_1.csv' 
Output:
Success
Command succeeded: python watermarked_text_generator.py ++attack_args.prompt_file='./inputs/tests_v1.csv' ++attack_args.prompt_num=2 ++attack_args.is_completion=False ++watermark_args.save_file_name='prompt_based_2.csv' 
Output:
Success
Command succeeded: python watermarked_text_generator.py ++attack_args.prompt_file='./inputs/tests_v1.csv' ++attack_args.prompt_num=3 ++attack_args.is_completion=False ++watermark_args.save_file_name='prompt_based_3.csv' 
Output:
Success
Command succeeded: python watermarked_text_generator.py ++attack_args.prompt_file='./inputs/tests_v1.csv' ++attack_args.prompt_num=4 ++attack_args.is_completion=False ++watermark_args.save_file_name='prompt_based_4.csv' 
Output:
Success
Command succeeded: python watermarked_text_generator.py ++attack_args.prompt_file='./inputs/tests_v1.csv' ++attack_args.prompt_num=5 ++attack_args.is_completion=False ++watermark_args.save_file_name='prompt_based_5.csv' 
Output:
Success
Command succeeded: python watermarked_text_generator.py ++attack_args.prompt_file='./inputs/tests_v1.csv' ++attack_args.prompt_num=6 ++attack_args.is_completion=False ++watermark_args.save_file_name='prompt_based_6.csv' 
Output:
Success
Command succeeded: python watermarked_text_generator.py ++attack_args.prompt_file='./inputs/tests_v1.csv' ++attack_args.prompt_num=7 ++attack_args.is_completion=False ++watermark_args.save_file_name='prompt_based_7.csv' 
Output:
Success
Command succeeded: python watermarked_text_generator.py ++attack_args.prompt_file='./inputs/tests_v1.csv' ++attack_args.prompt_num=8 ++attack_args.is_completion=False ++watermark_args.save_file_name='prompt_based_8.csv' 
Output:
Success
Command succeeded: python watermarked_text_generator.py ++attack_args.prompt_file='./inputs/tests_v1.csv' ++attack_args.prompt_num=9 ++attack_args.is_completion=False ++watermark_args.save_file_name='prompt_based_9.csv' 
Output:
Success
Command succeeded: python watermarked_text_generator.py ++attack_args.prompt_file='./inputs/tests_v1.csv' ++attack_args.prompt_num=10 ++attack_args.is_completion=False ++watermark_args.save_file_name='prompt_based_10.csv' 
Output:
Success
Command succeeded: python watermarked_text_generator.py ++attack_args.prompt_file='./inputs/tests_v1.csv' ++attack_args.prompt_num=11 ++attack_args.is_completion=False ++watermark_args.save_file_name='prompt_based_11.csv' 
Output:
Success
Command succeeded: python watermarked_text_generator.py ++attack_args.prompt_file='./inputs/tests_v1.csv' ++attack_args.prompt_num=12 ++attack_args.is_completion=False ++watermark_args.save_file_name='prompt_based_12.csv' 
Output:
Success
