/local1/borito1907/anaconda3/envs/watermark/lib/python3.10/site-packages/transformers/utils/hub.py:124: FutureWarning: Using `TRANSFORMERS_CACHE` is deprecated and will be removed in v5 of Transformers. Use `HF_HOME` instead.
  warnings.warn(
Traceback (most recent call last):
  File "/local1/borito1907/anaconda3/envs/watermark/lib/python3.10/runpy.py", line 187, in _run_module_as_main
    mod_name, mod_spec, code = _get_module_details(mod_name, _Error)
  File "/local1/borito1907/anaconda3/envs/watermark/lib/python3.10/runpy.py", line 110, in _get_module_details
    __import__(pkg_name)
  File "/local1/borito1907/impossibility-watermark/assess_generations.py", line 1, in <module>
    from oracles.absolute import PrometheusAbsoluteOracle
  File "/local1/borito1907/impossibility-watermark/oracles/__init__.py", line 11, in <module>
    from .custom import (
  File "/local1/borito1907/impossibility-watermark/oracles/custom.py", line 5, in <module>
    from guidance import models
  File "/local1/borito1907/anaconda3/envs/watermark/lib/python3.10/site-packages/guidance/__init__.py", line 34, in <module>
    from .library import *
  File "/local1/borito1907/anaconda3/envs/watermark/lib/python3.10/site-packages/guidance/library/__init__.py", line 2, in <module>
    from ._gen import gen, call_tool, will_gen
  File "/local1/borito1907/anaconda3/envs/watermark/lib/python3.10/site-packages/guidance/library/_gen.py", line 10, in <module>
    from ._regex import regex as regex_grammar
  File "/local1/borito1907/anaconda3/envs/watermark/lib/python3.10/site-packages/guidance/library/_regex.py", line 7, in <module>
    from pyformlang.regular_expression import PythonRegex
  File "/local1/borito1907/anaconda3/envs/watermark/lib/python3.10/site-packages/pyformlang/regular_expression/__init__.py", line 23, in <module>
    from .regex import Regex
  File "/local1/borito1907/anaconda3/envs/watermark/lib/python3.10/site-packages/pyformlang/regular_expression/regex.py", line 6, in <module>
    from pyformlang import finite_automaton
  File "/local1/borito1907/anaconda3/envs/watermark/lib/python3.10/site-packages/pyformlang/finite_automaton/__init__.py", line 37, in <module>
    from .finite_automaton import FiniteAutomaton
  File "/local1/borito1907/anaconda3/envs/watermark/lib/python3.10/site-packages/pyformlang/finite_automaton/finite_automaton.py", line 5, in <module>
    import networkx as nx
  File "/local1/borito1907/anaconda3/envs/watermark/lib/python3.10/site-packages/networkx/__init__.py", line 79, in <module>
    from networkx import algorithms
  File "/local1/borito1907/anaconda3/envs/watermark/lib/python3.10/site-packages/networkx/algorithms/__init__.py", line 1, in <module>
    from networkx.algorithms.assortativity import *
  File "<frozen importlib._bootstrap>", line 1027, in _find_and_load
  File "<frozen importlib._bootstrap>", line 1006, in _find_and_load_unlocked
  File "<frozen importlib._bootstrap>", line 688, in _load_unlocked
  File "<frozen importlib._bootstrap_external>", line 879, in exec_module
  File "<frozen importlib._bootstrap_external>", line 975, in get_code
  File "<frozen importlib._bootstrap_external>", line 1070, in get_data
KeyboardInterrupt
