/local1/borito1907/anaconda3/envs/watermark/lib/python3.10/site-packages/transformers/utils/hub.py:124: FutureWarning: Using `TRANSFORMERS_CACHE` is deprecated and will be removed in v5 of Transformers. Use `HF_HOME` instead.
  warnings.warn(
CUDA extension not installed.
CUDA extension not installed.
[nltk_data] Downloading package punkt to /home/borito1907/nltk_data...
[nltk_data]   Package punkt is already up-to-date!
[2024-06-01 18:56:26,069][__main__][INFO] - Starting to watermark...
[2024-06-01 18:56:26,071][__main__][INFO] - Prompt: Write a paragraph about the significance of the Pythagorean Theorem in geometry.
[2024-06-01 18:56:26,071][__main__][INFO] - Getting the watermarker...
[2024-06-01 18:56:26,071][watermarker][INFO] - Using device: cuda
[2024-06-01 18:56:26,071][watermarkers.semstamp][INFO] - Initializing embedder model.
[2024-06-01 18:56:26,071][sentence_transformers.SentenceTransformer][INFO] - Use pytorch device_name: cuda
[2024-06-01 18:56:26,071][sentence_transformers.SentenceTransformer][INFO] - Load pretrained SentenceTransformer: sentence-transformers/all-mpnet-base-v1
/local1/borito1907/anaconda3/envs/watermark/lib/python3.10/site-packages/huggingface_hub/file_download.py:1132: FutureWarning: `resume_download` is deprecated and will be removed in version 1.0.0. Downloads always resume when possible. If you want to force a new download, use `force_download=True`.
  warnings.warn(
[2024-06-01 18:56:27,304][watermarkers.semstamp][INFO] - Finished initializing embedder model.
initializing random projection LSH model
loading SBERT base model...
[2024-06-01 18:56:27,305][__main__][INFO] - {'prompt': None, 'prompt_file': './inputs/tests_v1_with_lotr.csv', 'prompt_num': 4, 'is_completion': False, 'generation_stats_file_path': './inputs/prompt_based_saves/prompt_4_temp_130_divp_20_attempt_1/stats.csv', 'watermarked_text_file_name': 'prompt_based_saves/prompt_4_temp_130_divp_20_attempt_1/watermarked_text.csv', 'generator_args': {'model_name_or_path': 'TheBloke/Mixtral-8x7B-Instruct-v0.1-GPTQ', 'revision': 'main', 'model_cache_dir': './.cache/', 'device_map': 'auto', 'trust_remote_code': True, 'max_new_tokens': 1024, 'min_new_tokens': 768, 'do_sample': True, 'temperature': 1.3, 'top_p': 0.95, 'top_k': 40, 'repetition_penalty': 1.1, 'watermark_score_threshold': 5.0, 'diversity_penalty': 20}, 'watermark_args': {'name': 'semstamp_lsh', 'embedder': None, 'delta': 0.01, 'sp_mode': 'lsh', 'sp_dim': 3, 'lmbd': 0.25, 'max_new_tokens': 255, 'min_new_tokens': 245, 'max_trials': 100, 'only_detect': False, 'cc_path': None, 'train_data': None, 'device': 'auto', 'len_prompt': 32, 'z_threshold': 0.5}}
[2024-06-01 18:56:27,306][__main__][INFO] - Got the watermarker. Generating watermarked text...
[2024-06-01 18:56:27,306][watermarkers.semstamp][INFO] - Passing the following prompt to the LSH reject completion function:
 Write a paragraph about the significance of the Pythagorean Theorem in geometry.
Error executing job with overrides: ['++prompt_file=./inputs/tests_v1_with_lotr.csv', '++prompt_num=4', '++is_completion=False', '++generator_args.temperature=1.3', '++generator_args.diversity_penalty=20', '++generation_stats_file_path=./inputs/prompt_based_saves/prompt_4_temp_130_divp_20_attempt_1/stats.csv', '++watermarked_text_file_name=prompt_based_saves/prompt_4_temp_130_divp_20_attempt_1/watermarked_text.csv']
Traceback (most recent call last):
  File "/local1/borito1907/impossibility-watermark/watermarked_text_generator.py", line 28, in test
    watermarked_text = watermarker.generate(prompt)
  File "/local1/borito1907/impossibility-watermark/watermarker.py", line 51, in generate
    completion = self.generate_watermarked_outputs(prompt)
  File "/local1/borito1907/impossibility-watermark/watermarkers/semstamp.py", line 274, in generate_watermarked_outputs
    return self._lsh_generate_watermarked_outputs(prompt)
  File "/local1/borito1907/impossibility-watermark/watermarkers/semstamp.py", line 286, in _lsh_generate_watermarked_outputs
    response = self.lsh_reject_completion(prompt, stats_csv_path = self.cfg.generation_stats_file_path)
  File "/local1/borito1907/impossibility-watermark/watermarkers/semstamp.py", line 127, in lsh_reject_completion
    if not self.cfg.attack_args.is_completion:
omegaconf.errors.ConfigAttributeError: Key 'attack_args' is not in struct
    full_key: attack_args
    object_type=dict

Set the environment variable HYDRA_FULL_ERROR=1 for a complete stack trace.
